=== canvas=34 noise=0.10 ===
[Data] Train label distribution: {1: 30002, 0: 29998}
[Data] Test label distribution: {0: 4953, 1: 5047}
[Data] Random positioning enabled: canvas_size=34
[Data] Noise enabled: std=0.1, mode=fixed, seed=2026
[Data] Train sample pairs (first 10): [(0, 27303), (1, 48017), (2, 666), (3, 53750), (4, 54080), (5, 52615), (6, 19571), (7, 56042), (8, 24144), (9, 12691)]
[Data] Test sample pairs (first 10): [(0, 7588), (1, 7287), (2, 6353), (3, 1157), (4, 3908), (5, 4623), (6, 4235), (7, 5529), (8, 9435), (9, 9041)]

================================================================================
SEED SWEEP PLAN
================================================================================
Regimes: ['scratch']
Seeds: [0]
Total runs: 1
Configs:
  scratch: configs/scratch_noise0.40.yaml
================================================================================


================================================================================
Running: scratch with seed=0
Config: configs/scratch_noise0.40.yaml
Output: runs/scratch_noise0.100_canvas34_seed0
================================================================================


✅ SUCCESS: scratch seed=0 → runs/scratch_noise0.100_canvas34_seed0

================================================================================
SWEEP COMPLETE
================================================================================
Success: 1/1
🎉 All runs completed successfully!
================================================================================

=== canvas=34 noise=0.15 ===
[Data] Train label distribution: {1: 30002, 0: 29998}
[Data] Test label distribution: {0: 4953, 1: 5047}
[Data] Random positioning enabled: canvas_size=34
[Data] Noise enabled: std=0.15, mode=fixed, seed=2026
[Data] Train sample pairs (first 10): [(0, 27303), (1, 48017), (2, 666), (3, 53750), (4, 54080), (5, 52615), (6, 19571), (7, 56042), (8, 24144), (9, 12691)]
[Data] Test sample pairs (first 10): [(0, 7588), (1, 7287), (2, 6353), (3, 1157), (4, 3908), (5, 4623), (6, 4235), (7, 5529), (8, 9435), (9, 9041)]

================================================================================
SEED SWEEP PLAN
================================================================================
Regimes: ['scratch']
Seeds: [0]
Total runs: 1
Configs:
  scratch: configs/scratch_noise0.40.yaml
================================================================================


================================================================================
Running: scratch with seed=0
Config: configs/scratch_noise0.40.yaml
Output: runs/scratch_noise0.150_canvas34_seed0
================================================================================


✅ SUCCESS: scratch seed=0 → runs/scratch_noise0.150_canvas34_seed0

================================================================================
SWEEP COMPLETE
================================================================================
Success: 1/1
🎉 All runs completed successfully!
================================================================================

=== canvas=34 noise=0.20 ===
[Data] Train label distribution: {1: 30002, 0: 29998}
[Data] Test label distribution: {0: 4953, 1: 5047}
[Data] Random positioning enabled: canvas_size=34
[Data] Noise enabled: std=0.2, mode=fixed, seed=2026
[Data] Train sample pairs (first 10): [(0, 27303), (1, 48017), (2, 666), (3, 53750), (4, 54080), (5, 52615), (6, 19571), (7, 56042), (8, 24144), (9, 12691)]
[Data] Test sample pairs (first 10): [(0, 7588), (1, 7287), (2, 6353), (3, 1157), (4, 3908), (5, 4623), (6, 4235), (7, 5529), (8, 9435), (9, 9041)]

================================================================================
SEED SWEEP PLAN
================================================================================
Regimes: ['scratch']
Seeds: [0]
Total runs: 1
Configs:
  scratch: configs/scratch_noise0.40.yaml
================================================================================


================================================================================
Running: scratch with seed=0
Config: configs/scratch_noise0.40.yaml
Output: runs/scratch_noise0.200_canvas34_seed0
================================================================================


✅ SUCCESS: scratch seed=0 → runs/scratch_noise0.200_canvas34_seed0

================================================================================
SWEEP COMPLETE
================================================================================
Success: 1/1
🎉 All runs completed successfully!
================================================================================

=== canvas=36 noise=0.10 ===
[Data] Train label distribution: {1: 30002, 0: 29998}
[Data] Test label distribution: {0: 4953, 1: 5047}
[Data] Random positioning enabled: canvas_size=36
[Data] Noise enabled: std=0.1, mode=fixed, seed=2026
[Data] Train sample pairs (first 10): [(0, 27303), (1, 48017), (2, 666), (3, 53750), (4, 54080), (5, 52615), (6, 19571), (7, 56042), (8, 24144), (9, 12691)]
[Data] Test sample pairs (first 10): [(0, 7588), (1, 7287), (2, 6353), (3, 1157), (4, 3908), (5, 4623), (6, 4235), (7, 5529), (8, 9435), (9, 9041)]

================================================================================
SEED SWEEP PLAN
================================================================================
Regimes: ['scratch']
Seeds: [0]
Total runs: 1
Configs:
  scratch: configs/scratch_noise0.40.yaml
================================================================================


================================================================================
Running: scratch with seed=0
Config: configs/scratch_noise0.40.yaml
Output: runs/scratch_noise0.100_canvas36_seed0
================================================================================


✅ SUCCESS: scratch seed=0 → runs/scratch_noise0.100_canvas36_seed0

================================================================================
SWEEP COMPLETE
================================================================================
Success: 1/1
🎉 All runs completed successfully!
================================================================================

=== canvas=36 noise=0.15 ===
[Data] Train label distribution: {1: 30002, 0: 29998}
[Data] Test label distribution: {0: 4953, 1: 5047}
[Data] Random positioning enabled: canvas_size=36
[Data] Noise enabled: std=0.15, mode=fixed, seed=2026
[Data] Train sample pairs (first 10): [(0, 27303), (1, 48017), (2, 666), (3, 53750), (4, 54080), (5, 52615), (6, 19571), (7, 56042), (8, 24144), (9, 12691)]
[Data] Test sample pairs (first 10): [(0, 7588), (1, 7287), (2, 6353), (3, 1157), (4, 3908), (5, 4623), (6, 4235), (7, 5529), (8, 9435), (9, 9041)]

================================================================================
SEED SWEEP PLAN
================================================================================
Regimes: ['scratch']
Seeds: [0]
Total runs: 1
Configs:
  scratch: configs/scratch_noise0.40.yaml
================================================================================


================================================================================
Running: scratch with seed=0
Config: configs/scratch_noise0.40.yaml
Output: runs/scratch_noise0.150_canvas36_seed0
================================================================================


✅ SUCCESS: scratch seed=0 → runs/scratch_noise0.150_canvas36_seed0

================================================================================
SWEEP COMPLETE
================================================================================
Success: 1/1
🎉 All runs completed successfully!
================================================================================

=== canvas=36 noise=0.20 ===
[Data] Train label distribution: {1: 30002, 0: 29998}
[Data] Test label distribution: {0: 4953, 1: 5047}
[Data] Random positioning enabled: canvas_size=36
[Data] Noise enabled: std=0.2, mode=fixed, seed=2026
[Data] Train sample pairs (first 10): [(0, 27303), (1, 48017), (2, 666), (3, 53750), (4, 54080), (5, 52615), (6, 19571), (7, 56042), (8, 24144), (9, 12691)]
[Data] Test sample pairs (first 10): [(0, 7588), (1, 7287), (2, 6353), (3, 1157), (4, 3908), (5, 4623), (6, 4235), (7, 5529), (8, 9435), (9, 9041)]

================================================================================
SEED SWEEP PLAN
================================================================================
Regimes: ['scratch']
Seeds: [0]
Total runs: 1
Configs:
  scratch: configs/scratch_noise0.40.yaml
================================================================================


================================================================================
Running: scratch with seed=0
Config: configs/scratch_noise0.40.yaml
Output: runs/scratch_noise0.200_canvas36_seed0
================================================================================


✅ SUCCESS: scratch seed=0 → runs/scratch_noise0.200_canvas36_seed0

================================================================================
SWEEP COMPLETE
================================================================================
Success: 1/1
🎉 All runs completed successfully!
================================================================================

